<?xml version="1.0" encoding="UTF-8"?>
<testng-results ignored="0" total="1" passed="1" failed="0" skipped="0">
  <reporter-output>
  </reporter-output>
  <suite started-at="2024-12-19T02:16:16 CST" name="Default suite" finished-at="2024-12-19T02:16:22 CST" duration-ms="6551">
    <groups>
      <group name="cucumber">
        <method signature="AbstractTestNGCucumberTests.runScenario(io.cucumber.testng.PickleWrapper,io.cucumber.testng.FeatureWrapper)[pri:0, instance:Feature.RunnerTest@7817fd62]" name="runScenario" class="io.cucumber.testng.AbstractTestNGCucumberTests"/>
      </group> <!-- cucumber -->
    </groups>
    <test started-at="2024-12-19T02:16:16 CST" name="Default test" finished-at="2024-12-19T02:16:22 CST" duration-ms="6551">
      <class name="Feature.RunnerTest">
        <test-method is-config="true" signature="setUpClass(org.testng.ITestContext)[pri:0, instance:Feature.RunnerTest@7817fd62]" started-at="2024-12-19T02:16:16 CST" name="setUpClass" finished-at="2024-12-19T02:16:16 CST" duration-ms="500" status="PASS">
          <params>
            <param index="0">
              <value>
                <![CDATA[org.testng.TestRunner@598260a6]]>
              </value>
            </param>
          </params>
          <reporter-output>
          </reporter-output>
        </test-method> <!-- setUpClass -->
        <test-method signature="runScenario(io.cucumber.testng.PickleWrapper,io.cucumber.testng.FeatureWrapper)[pri:0, instance:Feature.RunnerTest@7817fd62]" started-at="2024-12-19T02:16:16 CST" name="runScenario" description="Runs Cucumber Scenarios" data-provider="scenarios" finished-at="2024-12-19T02:16:22 CST" duration-ms="5990" status="PASS">
          <params>
            <param index="0">
              <value>
                <![CDATA["Verify that user is able to navigate to Graph data structure page"]]>
              </value>
            </param>
            <param index="1">
              <value>
                <![CDATA["Navigate to Graph page"]]>
              </value>
            </param>
          </params>
          <reporter-output>
          </reporter-output>
        </test-method> <!-- runScenario -->
        <test-method is-config="true" signature="tearDownClass()[pri:0, instance:Feature.RunnerTest@7817fd62]" started-at="2024-12-19T02:16:22 CST" name="tearDownClass" finished-at="2024-12-19T02:16:22 CST" duration-ms="22" status="PASS">
          <reporter-output>
          </reporter-output>
        </test-method> <!-- tearDownClass -->
      </class> <!-- Feature.RunnerTest -->
    </test> <!-- Default test -->
  </suite> <!-- Default suite -->
</testng-results>
